<?xml version="1.0" encoding="UTF-8"?>
<testsuite xmlns:xsi="http://www.w3.org/2001/XMLSchema-instance" xsi:noNamespaceSchemaLocation="https://maven.apache.org/surefire/maven-surefire-plugin/xsd/surefire-test-report.xsd" name="com.example.UsuarioManagerTest" time="0.002" tests="3" errors="0" skipped="0" failures="0">
  <properties>
    <property name="java.specification.version" value="17"/>
    <property name="sun.cpu.isalist" value="amd64"/>
    <property name="sun.jnu.encoding" value="Cp1252"/>
    <property name="java.class.path" value="C:\Users\denys\Desktop\tarea3 pruebas\my-junit-project\demo\target\test-classes;C:\Users\denys\Desktop\tarea3 pruebas\my-junit-project\demo\target\classes;C:\Users\denys\.m2\repository\junit\junit\4.11\junit-4.11.jar;C:\Users\denys\.m2\repository\org\hamcrest\hamcrest-core\1.3\hamcrest-core-1.3.jar;"/>
    <property name="java.vm.vendor" value="Oracle Corporation"/>
    <property name="sun.arch.data.model" value="64"/>
    <property name="user.variant" value=""/>
    <property name="java.vendor.url" value="https://java.oracle.com/"/>
    <property name="user.timezone" value="America/Santiago"/>
    <property name="user.country.format" value="CL"/>
    <property name="os.name" value="Windows 10"/>
    <property name="java.vm.specification.version" value="17"/>
    <property name="sun.java.launcher" value="SUN_STANDARD"/>
    <property name="user.country" value="US"/>
    <property name="sun.boot.library.path" value="C:\Program Files\Java\jdk-17.0.2\bin"/>
    <property name="sun.java.command" value="C:\Users\denys\AppData\Local\Temp\surefire15247257112758805299\surefirebooter8776043445385477983.jar C:\Users\denys\AppData\Local\Temp\surefire15247257112758805299 2024-06-29T21-46-53_979-jvmRun1 surefire15924004976462112502tmp surefire_021250729363388087tmp"/>
    <property name="jdk.debug" value="release"/>
    <property name="surefire.test.class.path" value="C:\Users\denys\Desktop\tarea3 pruebas\my-junit-project\demo\target\test-classes;C:\Users\denys\Desktop\tarea3 pruebas\my-junit-project\demo\target\classes;C:\Users\denys\.m2\repository\junit\junit\4.11\junit-4.11.jar;C:\Users\denys\.m2\repository\org\hamcrest\hamcrest-core\1.3\hamcrest-core-1.3.jar;"/>
    <property name="sun.cpu.endian" value="little"/>
    <property name="user.home" value="C:\Users\denys"/>
    <property name="user.language" value="en"/>
    <property name="java.specification.vendor" value="Oracle Corporation"/>
    <property name="java.version.date" value="2022-01-18"/>
    <property name="java.home" value="C:\Program Files\Java\jdk-17.0.2"/>
    <property name="file.separator" value="\"/>
    <property name="basedir" value="C:\Users\denys\Desktop\tarea3 pruebas\my-junit-project\demo"/>
    <property name="java.vm.compressedOopsMode" value="32-bit"/>
    <property name="line.separator" value="&#10;"/>
    <property name="java.vm.specification.vendor" value="Oracle Corporation"/>
    <property name="java.specification.name" value="Java Platform API Specification"/>
    <property name="surefire.real.class.path" value="C:\Users\denys\AppData\Local\Temp\surefire15247257112758805299\surefirebooter8776043445385477983.jar"/>
    <property name="user.script" value=""/>
    <property name="sun.management.compiler" value="HotSpot 64-Bit Tiered Compilers"/>
    <property name="java.runtime.version" value="17.0.2+8-LTS-86"/>
    <property name="user.name" value="denys"/>
    <property name="path.separator" value=";"/>
    <property name="os.version" value="10.0"/>
    <property name="java.runtime.name" value="Java(TM) SE Runtime Environment"/>
    <property name="file.encoding" value="Cp1252"/>
    <property name="java.vm.name" value="Java HotSpot(TM) 64-Bit Server VM"/>
    <property name="localRepository" value="C:\Users\denys\.m2\repository"/>
    <property name="java.vendor.url.bug" value="https://bugreport.java.com/bugreport/"/>
    <property name="java.io.tmpdir" value="C:\Users\denys\AppData\Local\Temp\"/>
    <property name="java.version" value="17.0.2"/>
    <property name="user.dir" value="C:\Users\denys\Desktop\tarea3 pruebas\my-junit-project\demo"/>
    <property name="os.arch" value="amd64"/>
    <property name="java.vm.specification.name" value="Java Virtual Machine Specification"/>
    <property name="user.language.format" value="es"/>
    <property name="sun.os.patch.level" value=""/>
    <property name="native.encoding" value="Cp1252"/>
    <property name="java.library.path" value="C:\Program Files\Java\jdk-17.0.2\bin;C:\Windows\Sun\Java\bin;C:\Windows\system32;C:\Windows;C:\Program Files\Common Files\Oracle\Java\javapath;C:\Program Files (x86)\Common Files\Oracle\Java\javapath;C:\Windows\system32;C:\Windows;C:\Windows\System32\Wbem;C:\Windows\System32\WindowsPowerShell\v1.0\;C:\Windows\System32\OpenSSH\;C:\Program Files (x86)\NVIDIA Corporation\PhysX\Common;C:\Program Files\NVIDIA Corporation\NVIDIA NvDLISR;C:\Program Files\Git\cmd;C:\Users\denys\AppData\Roaming\Microsoft\Windows\Start Menu\Programs\Python 3.10;C:\Program Files\Java\jdk-17.0.2\bin;C:\Bitnami\wappstack-8.1.4-0\postgresql;C:\Bitnami\wappstack-8.1.4-0\postgresql\bin;C:\MinGW\bin;C:\Program Files\nodejs\;C:\Program Files\Docker\Docker\resources\bin;C:\Program Files\Go\bin;C:\Program Files\MySQL\MySQL Shell 8.0\bin\;C:\Program Files\Common Files\Oracle\Java\javapath;C:\Windows\system32;C:\Windows;C:\Windows\System32\Wbem;C:\Windows\System32\WindowsPowerShell\v1.0\;C:\Windows\System32\OpenSSH\;C:\Program Files (x86)\NVIDIA Corporation\PhysX\Common;C:\Program Files\NVIDIA Corporation\NVIDIA NvDLISR;C:\Program Files\Git\cmd;C:\Users\denys\AppData\Roaming\Microsoft\Windows\Start Menu\Programs\Python 3.10;C:\Program Files\Java\jdk-17.0.2\bin;C:\Program Files\nodejs\;C:\Bitnami\wappstack-8.1.4-0\postgresql;C:\Bitnami\wappstack-8.1.4-0\postgresql\bin;C:\Users\denys\AppData\Local\Programs\Python\Python310\Scripts\;C:\Users\denys\AppData\Local\Programs\Python\Python310\;C:\Users\denys\AppData\Local\Microsoft\WindowsApps;C:\Users\denys\AppData\Local\GitHubDesktop\bin;C:\Users\denys\AppData\Local\Programs\Microsoft VS Code\bin;C:\Python\Scripts;C:\Program Files (x86)\GnuWin32\bin;C:\Bitnami\wappstack-8.1.4-0\php;C:\Users\denys\AppData\Roaming\npm;C:\Program Files\Docker\Docker\resources\bin;C:\Program Files\Graphviz\bin;C:\Program Files\apache-maven-3.9.6-bin;C:\Program Files\apache-maven-3.9.6-bin\apache-maven-3.9.6\bin;C:\Users\denys\go\bin;C:\Program Files\RabbitMQ Server\rabbitmq_server-3.13.2\sbin;C:\Program Files\Erlang OTP\bin;C:\Program Files\R\R-4.4.1\bin;;."/>
    <property name="java.vm.info" value="mixed mode, sharing"/>
    <property name="java.vendor" value="Oracle Corporation"/>
    <property name="java.vm.version" value="17.0.2+8-LTS-86"/>
    <property name="sun.io.unicode.encoding" value="UnicodeLittle"/>
    <property name="java.class.version" value="61.0"/>
  </properties>
  <testcase name="testAgregarUsuario" classname="com.example.UsuarioManagerTest" time="0"/>
  <testcase name="testEliminarUsuario" classname="com.example.UsuarioManagerTest" time="0"/>
  <testcase name="testActualizarUsuario" classname="com.example.UsuarioManagerTest" time="0"/>
</testsuite>